<?xml version="1.0" encoding="UTF-8"?>
<testsuite xmlns:xsi="http://www.w3.org/2001/XMLSchema-instance" xsi:noNamespaceSchemaLocation="https://maven.apache.org/surefire/maven-surefire-plugin/xsd/surefire-test-report-3.0.xsd" version="3.0" name="client.UserServiceTest" time="0.38" tests="3" errors="0" skipped="0" failures="0">
  <properties>
    <property name="java.specification.version" value="19"/>
    <property name="sun.cpu.isalist" value="amd64"/>
    <property name="sun.jnu.encoding" value="Cp1251"/>
    <property name="java.class.path" value="D:\Hillel\Java-WS-User\target\test-classes;D:\Hillel\Java-WS-User\target\classes;C:\Users\pocht\.m2\repository\jakarta\xml\ws\jakarta.xml.ws-api\4.0.0\jakarta.xml.ws-api-4.0.0.jar;C:\Users\pocht\.m2\repository\jakarta\xml\bind\jakarta.xml.bind-api\4.0.0\jakarta.xml.bind-api-4.0.0.jar;C:\Users\pocht\.m2\repository\jakarta\xml\soap\jakarta.xml.soap-api\3.0.0\jakarta.xml.soap-api-3.0.0.jar;C:\Users\pocht\.m2\repository\com\sun\xml\ws\jaxws-rt\4.0.1\jaxws-rt-4.0.1.jar;C:\Users\pocht\.m2\repository\com\sun\xml\bind\jaxb-impl\4.0.2\jaxb-impl-4.0.2.jar;C:\Users\pocht\.m2\repository\com\sun\xml\bind\jaxb-core\4.0.2\jaxb-core-4.0.2.jar;C:\Users\pocht\.m2\repository\org\glassfish\ha\ha-api\3.1.13\ha-api-3.1.13.jar;C:\Users\pocht\.m2\repository\org\glassfish\external\management-api\3.2.3\management-api-3.2.3.jar;C:\Users\pocht\.m2\repository\org\glassfish\gmbal\gmbal-api-only\4.0.3\gmbal-api-only-4.0.3.jar;C:\Users\pocht\.m2\repository\org\jvnet\staxex\stax-ex\2.1.0\stax-ex-2.1.0.jar;C:\Users\pocht\.m2\repository\com\sun\xml\stream\buffer\streambuffer\2.1.0\streambuffer-2.1.0.jar;C:\Users\pocht\.m2\repository\org\jvnet\mimepull\mimepull\1.10.0\mimepull-1.10.0.jar;C:\Users\pocht\.m2\repository\com\sun\xml\fastinfoset\FastInfoset\2.1.0\FastInfoset-2.1.0.jar;C:\Users\pocht\.m2\repository\jakarta\mail\jakarta.mail-api\2.1.1\jakarta.mail-api-2.1.1.jar;C:\Users\pocht\.m2\repository\org\eclipse\angus\angus-activation\2.0.0\angus-activation-2.0.0.jar;C:\Users\pocht\.m2\repository\org\eclipse\angus\angus-mail\2.0.1\angus-mail-2.0.1.jar;C:\Users\pocht\.m2\repository\com\sun\xml\messaging\saaj\saaj-impl\3.0.0\saaj-impl-3.0.0.jar;C:\Users\pocht\.m2\repository\com\fasterxml\woodstox\woodstox-core\6.5.0\woodstox-core-6.5.0.jar;C:\Users\pocht\.m2\repository\org\codehaus\woodstox\stax2-api\4.2.1\stax2-api-4.2.1.jar;C:\Users\pocht\.m2\repository\jakarta\activation\jakarta.activation-api\2.1.1\jakarta.activation-api-2.1.1.jar;C:\Users\pocht\.m2\repository\jakarta\annotation\jakarta.annotation-api\2.1.1\jakarta.annotation-api-2.1.1.jar;C:\Users\pocht\.m2\repository\com\sun\xml\ws\jaxws-tools\4.0.1\jaxws-tools-4.0.1.jar;C:\Users\pocht\.m2\repository\com\sun\xml\bind\jaxb-xjc\4.0.2\jaxb-xjc-4.0.2.jar;C:\Users\pocht\.m2\repository\com\sun\xml\bind\jaxb-jxc\4.0.2\jaxb-jxc-4.0.2.jar;C:\Users\pocht\.m2\repository\com\sun\xml\ws\jaxws-eclipselink-plugin\4.0.1\jaxws-eclipselink-plugin-4.0.1.jar;C:\Users\pocht\.m2\repository\org\eclipse\persistence\org.eclipse.persistence.moxy\4.0.0\org.eclipse.persistence.moxy-4.0.0.jar;C:\Users\pocht\.m2\repository\org\eclipse\persistence\org.eclipse.persistence.asm\9.4.0\org.eclipse.persistence.asm-9.4.0.jar;C:\Users\pocht\.m2\repository\org\eclipse\persistence\org.eclipse.persistence.core\4.0.0\org.eclipse.persistence.core-4.0.0.jar;C:\Users\pocht\.m2\repository\com\sun\xml\ws\sdo-eclipselink-plugin\4.0.1\sdo-eclipselink-plugin-4.0.1.jar;C:\Users\pocht\.m2\repository\org\eclipse\persistence\org.eclipse.persistence.sdo\4.0.0\org.eclipse.persistence.sdo-4.0.0.jar;C:\Users\pocht\.m2\repository\org\junit\jupiter\junit-jupiter-engine\5.9.2\junit-jupiter-engine-5.9.2.jar;C:\Users\pocht\.m2\repository\org\junit\platform\junit-platform-engine\1.9.2\junit-platform-engine-1.9.2.jar;C:\Users\pocht\.m2\repository\org\opentest4j\opentest4j\1.2.0\opentest4j-1.2.0.jar;C:\Users\pocht\.m2\repository\org\junit\platform\junit-platform-commons\1.9.2\junit-platform-commons-1.9.2.jar;C:\Users\pocht\.m2\repository\org\junit\jupiter\junit-jupiter-api\5.9.2\junit-jupiter-api-5.9.2.jar;C:\Users\pocht\.m2\repository\org\apiguardian\apiguardian-api\1.1.2\apiguardian-api-1.1.2.jar;"/>
    <property name="java.vm.vendor" value="Oracle Corporation"/>
    <property name="sun.arch.data.model" value="64"/>
    <property name="user.variant" value=""/>
    <property name="java.vendor.url" value="https://java.oracle.com/"/>
    <property name="user.timezone" value="Europe/Kiev"/>
    <property name="os.name" value="Windows 11"/>
    <property name="java.vm.specification.version" value="19"/>
    <property name="sun.java.launcher" value="SUN_STANDARD"/>
    <property name="user.country" value="UA"/>
    <property name="sun.boot.library.path" value="C:\Program Files\Java\jdk-19\bin"/>
    <property name="sun.java.command" value="C:\Users\pocht\AppData\Local\Temp\surefire18178132432738055185\surefirebooter-20230919200924835_3.jar C:\Users\pocht\AppData\Local\Temp\surefire18178132432738055185 2023-09-19T20-09-24_767-jvmRun1 surefire-20230919200924835_1tmp surefire_0-20230919200924835_2tmp"/>
    <property name="jdk.debug" value="release"/>
    <property name="surefire.test.class.path" value="D:\Hillel\Java-WS-User\target\test-classes;D:\Hillel\Java-WS-User\target\classes;C:\Users\pocht\.m2\repository\jakarta\xml\ws\jakarta.xml.ws-api\4.0.0\jakarta.xml.ws-api-4.0.0.jar;C:\Users\pocht\.m2\repository\jakarta\xml\bind\jakarta.xml.bind-api\4.0.0\jakarta.xml.bind-api-4.0.0.jar;C:\Users\pocht\.m2\repository\jakarta\xml\soap\jakarta.xml.soap-api\3.0.0\jakarta.xml.soap-api-3.0.0.jar;C:\Users\pocht\.m2\repository\com\sun\xml\ws\jaxws-rt\4.0.1\jaxws-rt-4.0.1.jar;C:\Users\pocht\.m2\repository\com\sun\xml\bind\jaxb-impl\4.0.2\jaxb-impl-4.0.2.jar;C:\Users\pocht\.m2\repository\com\sun\xml\bind\jaxb-core\4.0.2\jaxb-core-4.0.2.jar;C:\Users\pocht\.m2\repository\org\glassfish\ha\ha-api\3.1.13\ha-api-3.1.13.jar;C:\Users\pocht\.m2\repository\org\glassfish\external\management-api\3.2.3\management-api-3.2.3.jar;C:\Users\pocht\.m2\repository\org\glassfish\gmbal\gmbal-api-only\4.0.3\gmbal-api-only-4.0.3.jar;C:\Users\pocht\.m2\repository\org\jvnet\staxex\stax-ex\2.1.0\stax-ex-2.1.0.jar;C:\Users\pocht\.m2\repository\com\sun\xml\stream\buffer\streambuffer\2.1.0\streambuffer-2.1.0.jar;C:\Users\pocht\.m2\repository\org\jvnet\mimepull\mimepull\1.10.0\mimepull-1.10.0.jar;C:\Users\pocht\.m2\repository\com\sun\xml\fastinfoset\FastInfoset\2.1.0\FastInfoset-2.1.0.jar;C:\Users\pocht\.m2\repository\jakarta\mail\jakarta.mail-api\2.1.1\jakarta.mail-api-2.1.1.jar;C:\Users\pocht\.m2\repository\org\eclipse\angus\angus-activation\2.0.0\angus-activation-2.0.0.jar;C:\Users\pocht\.m2\repository\org\eclipse\angus\angus-mail\2.0.1\angus-mail-2.0.1.jar;C:\Users\pocht\.m2\repository\com\sun\xml\messaging\saaj\saaj-impl\3.0.0\saaj-impl-3.0.0.jar;C:\Users\pocht\.m2\repository\com\fasterxml\woodstox\woodstox-core\6.5.0\woodstox-core-6.5.0.jar;C:\Users\pocht\.m2\repository\org\codehaus\woodstox\stax2-api\4.2.1\stax2-api-4.2.1.jar;C:\Users\pocht\.m2\repository\jakarta\activation\jakarta.activation-api\2.1.1\jakarta.activation-api-2.1.1.jar;C:\Users\pocht\.m2\repository\jakarta\annotation\jakarta.annotation-api\2.1.1\jakarta.annotation-api-2.1.1.jar;C:\Users\pocht\.m2\repository\com\sun\xml\ws\jaxws-tools\4.0.1\jaxws-tools-4.0.1.jar;C:\Users\pocht\.m2\repository\com\sun\xml\bind\jaxb-xjc\4.0.2\jaxb-xjc-4.0.2.jar;C:\Users\pocht\.m2\repository\com\sun\xml\bind\jaxb-jxc\4.0.2\jaxb-jxc-4.0.2.jar;C:\Users\pocht\.m2\repository\com\sun\xml\ws\jaxws-eclipselink-plugin\4.0.1\jaxws-eclipselink-plugin-4.0.1.jar;C:\Users\pocht\.m2\repository\org\eclipse\persistence\org.eclipse.persistence.moxy\4.0.0\org.eclipse.persistence.moxy-4.0.0.jar;C:\Users\pocht\.m2\repository\org\eclipse\persistence\org.eclipse.persistence.asm\9.4.0\org.eclipse.persistence.asm-9.4.0.jar;C:\Users\pocht\.m2\repository\org\eclipse\persistence\org.eclipse.persistence.core\4.0.0\org.eclipse.persistence.core-4.0.0.jar;C:\Users\pocht\.m2\repository\com\sun\xml\ws\sdo-eclipselink-plugin\4.0.1\sdo-eclipselink-plugin-4.0.1.jar;C:\Users\pocht\.m2\repository\org\eclipse\persistence\org.eclipse.persistence.sdo\4.0.0\org.eclipse.persistence.sdo-4.0.0.jar;C:\Users\pocht\.m2\repository\org\junit\jupiter\junit-jupiter-engine\5.9.2\junit-jupiter-engine-5.9.2.jar;C:\Users\pocht\.m2\repository\org\junit\platform\junit-platform-engine\1.9.2\junit-platform-engine-1.9.2.jar;C:\Users\pocht\.m2\repository\org\opentest4j\opentest4j\1.2.0\opentest4j-1.2.0.jar;C:\Users\pocht\.m2\repository\org\junit\platform\junit-platform-commons\1.9.2\junit-platform-commons-1.9.2.jar;C:\Users\pocht\.m2\repository\org\junit\jupiter\junit-jupiter-api\5.9.2\junit-jupiter-api-5.9.2.jar;C:\Users\pocht\.m2\repository\org\apiguardian\apiguardian-api\1.1.2\apiguardian-api-1.1.2.jar;"/>
    <property name="sun.cpu.endian" value="little"/>
    <property name="user.home" value="C:\Users\pocht"/>
    <property name="user.language" value="uk"/>
    <property name="java.specification.vendor" value="Oracle Corporation"/>
    <property name="java.version.date" value="2022-10-18"/>
    <property name="java.home" value="C:\Program Files\Java\jdk-19"/>
    <property name="file.separator" value="\"/>
    <property name="basedir" value="D:\Hillel\Java-WS-User"/>
    <property name="java.vm.compressedOopsMode" value="Zero based"/>
    <property name="line.separator" value="&#10;"/>
    <property name="java.vm.specification.vendor" value="Oracle Corporation"/>
    <property name="java.specification.name" value="Java Platform API Specification"/>
    <property name="surefire.real.class.path" value="C:\Users\pocht\AppData\Local\Temp\surefire18178132432738055185\surefirebooter-20230919200924835_3.jar"/>
    <property name="user.script" value=""/>
    <property name="sun.management.compiler" value="HotSpot 64-Bit Tiered Compilers"/>
    <property name="java.runtime.version" value="19.0.1+10-21"/>
    <property name="user.name" value="pocht"/>
    <property name="stdout.encoding" value="Cp1251"/>
    <property name="path.separator" value=";"/>
    <property name="os.version" value="10.0"/>
    <property name="java.runtime.name" value="Java(TM) SE Runtime Environment"/>
    <property name="file.encoding" value="UTF-8"/>
    <property name="java.vm.name" value="Java HotSpot(TM) 64-Bit Server VM"/>
    <property name="localRepository" value="C:\Users\pocht\.m2\repository"/>
    <property name="java.vendor.url.bug" value="https://bugreport.java.com/bugreport/"/>
    <property name="java.io.tmpdir" value="C:\Users\pocht\AppData\Local\Temp\"/>
    <property name="idea.version" value="2023.2.2"/>
    <property name="java.version" value="19.0.1"/>
    <property name="user.dir" value="D:\Hillel\Java-WS-User"/>
    <property name="os.arch" value="amd64"/>
    <property name="java.vm.specification.name" value="Java Virtual Machine Specification"/>
    <property name="sun.os.patch.level" value=""/>
    <property name="native.encoding" value="Cp1251"/>
    <property name="java.library.path" value="C:\Program Files\Java\jdk-19\bin;C:\Windows\Sun\Java\bin;C:\Windows\system32;C:\Windows;C:\Program Files\Common Files\Oracle\Java\javapath;C:\Windows\system32;C:\Windows;C:\Windows\System32\Wbem;C:\Windows\System32\WindowsPowerShell\v1.0\;C:\Windows\System32\OpenSSH\;C:\Program Files\Git\cmd;C:\Program Files\MySQL\MySQL Shell 8.0\bin\;C:\Users\pocht\AppData\Local\Microsoft\WindowsApps;C:\Users\pocht\AppData\Local\JetBrains\Toolbox\scripts;C:\Users\pocht\AppData\Local\Programs\Microsoft VS Code\bin;."/>
    <property name="java.vm.info" value="mixed mode, sharing"/>
    <property name="stderr.encoding" value="Cp1251"/>
    <property name="java.vendor" value="Oracle Corporation"/>
    <property name="java.vm.version" value="19.0.1+10-21"/>
    <property name="sun.io.unicode.encoding" value="UnicodeLittle"/>
    <property name="java.class.version" value="63.0"/>
  </properties>
  <testcase name="givenUserService_whenUserMike_thenAgeCorrect" classname="client.UserServiceTest" time="0.063"/>
  <testcase name="givenUserService_whenUserBob_thenGenderMALE" classname="client.UserServiceTest" time="0.006"/>
  <testcase name="names" classname="client.UserServiceTest" time="0.002"/>
</testsuite>